<?xml version="1.0" encoding="UTF-8"?>
<!-- Generated by org.testng.reporters.JUnitXMLReporter -->
<testsuite hostname="LAPTOP-C3E1HSB0" ignored="0" name="Default test" tests="3" failures="0" timestamp="05 Jul 2022 06:10:34 GMT" time="39.486" errors="0">
  <testcase name="m3" time="3.096" classname="com.test.RegressionTests"/>
  <testcase name="m4" time="8.709" classname="com.test.RegressionTests"/>
  <testcase name="m5" time="12.347" classname="com.test.RegressionTests"/>
</testsuite> <!-- Default test -->
