<?xml version="1.0" encoding="UTF-8"?>
<!-- Generated by org.testng.reporters.JUnitXMLReporter -->
<testsuite hostname="LAPTOP-C3E1HSB0" ignored="2" name="Default test" tests="1" failures="0" timestamp="08 Jul 2022 09:51:41 GMT" time="22.686" errors="0">
  <testcase name="m4" time="14.208" classname="com.test.RegressionTests"/>
  <testcase name="m5" time="0.0" classname="com.test.RegressionTests">
    <ignored/>
  </testcase> <!-- m5 -->
  <testcase name="m3" time="0.0" classname="com.test.RegressionTests">
    <ignored/>
  </testcase> <!-- m3 -->
</testsuite> <!-- Default test -->
