<?xml version="1.0" encoding="UTF-8"?>
<testng-results skipped="0" failed="0" ignored="2" total="3" passed="1">
  <reporter-output>
  </reporter-output>
  <suite name="Default suite" duration-ms="22686" started-at="2022-07-08T09:51:18Z" finished-at="2022-07-08T09:51:41Z">
    <groups>
    </groups>
    <test name="Default test" duration-ms="22686" started-at="2022-07-08T09:51:18Z" finished-at="2022-07-08T09:51:41Z">
      <class name="com.test.RegressionTests">
        <test-method status="PASS" signature="m1()[pri:0, instance:com.test.RegressionTests@5c30a9b0]" name="m1" is-config="true" duration-ms="8209" started-at="2022-07-08T09:51:18Z" finished-at="2022-07-08T09:51:26Z">
          <reporter-output>
          </reporter-output>
        </test-method> <!-- m1 -->
        <test-method status="PASS" signature="m4()[pri:0, instance:com.test.RegressionTests@5c30a9b0]" name="m4" duration-ms="14208" started-at="2022-07-08T09:51:26Z" finished-at="2022-07-08T09:51:40Z">
          <reporter-output>
          </reporter-output>
        </test-method> <!-- m4 -->
        <test-method status="PASS" signature="m2()[pri:0, instance:com.test.RegressionTests@5c30a9b0]" name="m2" is-config="true" duration-ms="226" started-at="2022-07-08T09:51:40Z" finished-at="2022-07-08T09:51:41Z">
          <reporter-output>
          </reporter-output>
        </test-method> <!-- m2 -->
      </class> <!-- com.test.RegressionTests -->
    </test> <!-- Default test -->
  </suite> <!-- Default suite -->
</testng-results>
