<?xml version="1.0" encoding="UTF-8"?>
<testng-results skipped="0" failed="0" ignored="0" total="3" passed="3">
  <reporter-output>
  </reporter-output>
  <suite name="Default suite" duration-ms="39486" started-at="2022-07-05T06:09:55Z" finished-at="2022-07-05T06:10:34Z">
    <groups>
    </groups>
    <test name="Default test" duration-ms="39486" started-at="2022-07-05T06:09:55Z" finished-at="2022-07-05T06:10:34Z">
      <class name="com.test.RegressionTests">
        <test-method status="PASS" signature="m1()[pri:0, instance:com.test.RegressionTests@c267ef4]" name="m1" is-config="true" duration-ms="6602" started-at="2022-07-05T06:09:55Z" finished-at="2022-07-05T06:10:01Z">
          <reporter-output>
          </reporter-output>
        </test-method> <!-- m1 -->
        <test-method status="PASS" signature="m3()[pri:0, instance:com.test.RegressionTests@c267ef4]" name="m3" duration-ms="3096" started-at="2022-07-05T06:10:01Z" finished-at="2022-07-05T06:10:05Z">
          <reporter-output>
          </reporter-output>
        </test-method> <!-- m3 -->
        <test-method status="PASS" signature="m2()[pri:0, instance:com.test.RegressionTests@c267ef4]" name="m2" is-config="true" duration-ms="142" started-at="2022-07-05T06:10:05Z" finished-at="2022-07-05T06:10:05Z">
          <reporter-output>
          </reporter-output>
        </test-method> <!-- m2 -->
        <test-method status="PASS" signature="m1()[pri:0, instance:com.test.RegressionTests@c267ef4]" name="m1" is-config="true" duration-ms="4099" started-at="2022-07-05T06:10:05Z" finished-at="2022-07-05T06:10:09Z">
          <reporter-output>
          </reporter-output>
        </test-method> <!-- m1 -->
        <test-method status="PASS" signature="m4()[pri:0, instance:com.test.RegressionTests@c267ef4]" name="m4" duration-ms="8709" started-at="2022-07-05T06:10:09Z" finished-at="2022-07-05T06:10:17Z">
          <reporter-output>
          </reporter-output>
        </test-method> <!-- m4 -->
        <test-method status="PASS" signature="m2()[pri:0, instance:com.test.RegressionTests@c267ef4]" name="m2" is-config="true" duration-ms="179" started-at="2022-07-05T06:10:17Z" finished-at="2022-07-05T06:10:18Z">
          <reporter-output>
          </reporter-output>
        </test-method> <!-- m2 -->
        <test-method status="PASS" signature="m1()[pri:0, instance:com.test.RegressionTests@c267ef4]" name="m1" is-config="true" duration-ms="3978" started-at="2022-07-05T06:10:18Z" finished-at="2022-07-05T06:10:22Z">
          <reporter-output>
          </reporter-output>
        </test-method> <!-- m1 -->
        <test-method status="PASS" signature="m5()[pri:0, instance:com.test.RegressionTests@c267ef4]" name="m5" duration-ms="12347" started-at="2022-07-05T06:10:22Z" finished-at="2022-07-05T06:10:34Z">
          <reporter-output>
          </reporter-output>
        </test-method> <!-- m5 -->
        <test-method status="PASS" signature="m2()[pri:0, instance:com.test.RegressionTests@c267ef4]" name="m2" is-config="true" duration-ms="283" started-at="2022-07-05T06:10:34Z" finished-at="2022-07-05T06:10:34Z">
          <reporter-output>
          </reporter-output>
        </test-method> <!-- m2 -->
      </class> <!-- com.test.RegressionTests -->
    </test> <!-- Default test -->
  </suite> <!-- Default suite -->
</testng-results>
